<?xml version="1.0" encoding="utf-8"?><testsuites name="pytest tests"><testsuite name="pytest" errors="0" failures="0" skipped="0" tests="17" time="1.678" timestamp="2026-02-09T18:53:37.812884+00:00" hostname="agent-env-edb042c3-e1ae-47a2-abfb-3ce817e7ef82"><testcase classname="tests.test_lumiverse_api.TestBibleEndpoints" name="test_get_sections_returns_8" time="0.107" /><testcase classname="tests.test_lumiverse_api.TestBibleEndpoints" name="test_get_all_books_returns_66" time="0.053" /><testcase classname="tests.test_lumiverse_api.TestBibleEndpoints" name="test_get_books_by_section_law_returns_5" time="0.034" /><testcase classname="tests.test_lumiverse_api.TestBibleEndpoints" name="test_get_specific_book_genesis" time="0.034" /><testcase classname="tests.test_lumiverse_api.TestBibleEndpoints" name="test_get_chapter_genesis_1_has_31_verses" time="0.038" /><testcase classname="tests.test_lumiverse_api.TestBibleEndpoints" name="test_get_daily_verse_returns_valid_verse" time="0.037" /><testcase classname="tests.test_lumiverse_api.TestBibleEndpoints" name="test_get_chapter_nonexistent_returns_404" time="0.036" /><testcase classname="tests.test_lumiverse_api.TestBibleEndpoints" name="test_search_bible" time="0.045" /><testcase classname="tests.test_lumiverse_api.TestAuthEndpoints" name="test_create_anonymous_user" time="0.032" /><testcase classname="tests.test_lumiverse_api.TestPathsEndpoints" name="test_create_path_and_verify_persistence" time="0.183" /><testcase classname="tests.test_lumiverse_api.TestPathsEndpoints" name="test_update_path" time="0.136" /><testcase classname="tests.test_lumiverse_api.TestPathsEndpoints" name="test_delete_path" time="0.184" /><testcase classname="tests.test_lumiverse_api.TestNotesEndpoints" name="test_create_note_and_verify_persistence" time="0.148" /><testcase classname="tests.test_lumiverse_api.TestNotesEndpoints" name="test_update_note" time="0.132" /><testcase classname="tests.test_lumiverse_api.TestNotesEndpoints" name="test_delete_note" time="0.132" /><testcase classname="tests.test_lumiverse_api.TestHighlightsEndpoints" name="test_create_highlight_and_verify_persistence" time="0.136" /><testcase classname="tests.test_lumiverse_api.TestHighlightsEndpoints" name="test_delete_highlight" time="0.139" /></testsuite></testsuites>