<?xml version="1.0" encoding="utf-8"?><testsuites name="pytest tests"><testsuite name="pytest" errors="1" failures="0" skipped="0" tests="1" time="0.195" timestamp="2026-02-09T18:53:28.380545+00:00" hostname="agent-env-edb042c3-e1ae-47a2-abfb-3ce817e7ef82"><testcase classname="" name="tests.test_lumiverse_api" time="0.000"><error message="collection failure">tests/test_lumiverse_api.py:9: in &lt;module&gt;
    BASE_URL = os.environ.get('EXPO_PUBLIC_BACKEND_URL').rstrip('/')
               ^^^^^^^^^^^^^^^^^^^^^^^^^^^^^^^^^^^^^^^^^^^^^^^^
E   AttributeError: 'NoneType' object has no attribute 'rstrip'</error></testcase></testsuite></testsuites>